<?xml version="1.0" encoding="UTF-8"?>
<!-- Generated by org.testng.reporters.JUnitReportReporter -->
<testsuite hostname="dell-PC" name="com.jbk.DataDriven" tests="2" failures="0" timestamp="8 Dec 2019 14:26:17 GMT" time="19.919" errors="0">
  <testcase name="AdminLteLoginPageTest" time="9.363" classname="com.jbk.DataDriven"/>
  <testcase name="AdminLteLoginPageTest" time="10.556" classname="com.jbk.DataDriven"/>
</testsuite> <!-- com.jbk.DataDriven -->
